INFO:root: float32 data for 1992 exits, skipping parse
INFO:root: float32 data for 1992 exits, skipping parse
INFO:root: float32 data for 1992 exits, skipping parse
INFO:root: bool data for 1992 exits, skipping parse
INFO:root: float32 data for 1992 exits, skipping parse
INFO:root: float32 data for 1992 exits, skipping parse
INFO:root: float32 data for 1992 exits, skipping parse
INFO:root: float32 data for 1992 exits, skipping parse
INFO:root: float32 data for 1992 exits, skipping parse
INFO:root: float32 data for 1992 exits, skipping parse
INFO:root: float32 data for 1992 exits, skipping parse
INFO:root: float32 data for 1992 exits, skipping parse
INFO:root: float32 data for 1992 exits, skipping parse
INFO:root: float32 data for 1992 exits, skipping parse
INFO:root: float32 data for 1992 exits, skipping parse
INFO:root: float32 data for 1993 exits, skipping parse
INFO:root: float32 data for 1993 exits, skipping parse
INFO:root: float32 data for 1993 exits, skipping parse
INFO:root: bool data for 1993 exits, skipping parse
INFO:root: float32 data for 1993 exits, skipping parse
INFO:root: float32 data for 1993 exits, skipping parse
INFO:root: float32 data for 1993 exits, skipping parse
INFO:root: float32 data for 1993 exits, skipping parse
INFO:root: float32 data for 1993 exits, skipping parse
INFO:root: float32 data for 1993 exits, skipping parse
INFO:root: float32 data for 1993 exits, skipping parse
INFO:root: float32 data for 1993 exits, skipping parse
INFO:root: float32 data for 1993 exits, skipping parse
INFO:root: float32 data for 1993 exits, skipping parse
INFO:root: float32 data for 1993 exits, skipping parse
INFO:root: float32 data for 1994 exits, skipping parse
INFO:root: float32 data for 1994 exits, skipping parse
INFO:root: float32 data for 1994 exits, skipping parse
INFO:root: bool data for 1994 exits, skipping parse
INFO:root: float32 data for 1994 exits, skipping parse
INFO:root: float32 data for 1994 exits, skipping parse
INFO:root: float32 data for 1994 exits, skipping parse
INFO:root: float32 data for 1994 exits, skipping parse
INFO:root: float32 data for 1994 exits, skipping parse
INFO:root: float32 data for 1994 exits, skipping parse
INFO:root: float32 data for 1994 exits, skipping parse
INFO:root: float32 data for 1994 exits, skipping parse
INFO:root: float32 data for 1994 exits, skipping parse
INFO:root: float32 data for 1994 exits, skipping parse
INFO:root: float32 data for 1994 exits, skipping parse
INFO:root: float32 data for 1995 exits, skipping parse
INFO:root: float32 data for 1995 exits, skipping parse
INFO:root: float32 data for 1995 exits, skipping parse
INFO:root: bool data for 1995 exits, skipping parse
INFO:root: float32 data for 1995 exits, skipping parse
INFO:root: float32 data for 1995 exits, skipping parse
INFO:root: float32 data for 1995 exits, skipping parse
INFO:root: float32 data for 1995 exits, skipping parse
INFO:root: float32 data for 1995 exits, skipping parse
INFO:root: float32 data for 1995 exits, skipping parse
INFO:root: float32 data for 1995 exits, skipping parse
INFO:root: float32 data for 1995 exits, skipping parse
INFO:root: float32 data for 1995 exits, skipping parse
INFO:root: float32 data for 1995 exits, skipping parse
INFO:root: float32 data for 1995 exits, skipping parse
INFO:root: float32 data for 1996 exits, skipping parse
INFO:root: float32 data for 1996 exits, skipping parse
INFO:root: float32 data for 1996 exits, skipping parse
INFO:root: bool data for 1996 exits, skipping parse
INFO:root: float32 data for 1996 exits, skipping parse
INFO:root: float32 data for 1996 exits, skipping parse
INFO:root: float32 data for 1996 exits, skipping parse
INFO:root: float32 data for 1996 exits, skipping parse
INFO:root: float32 data for 1996 exits, skipping parse
INFO:root: float32 data for 1996 exits, skipping parse
INFO:root: float32 data for 1996 exits, skipping parse
INFO:root: float32 data for 1996 exits, skipping parse
INFO:root: float32 data for 1996 exits, skipping parse
INFO:root: float32 data for 1996 exits, skipping parse
INFO:root: float32 data for 1996 exits, skipping parse
INFO:root: float32 data for 1997 exits, skipping parse
INFO:root: float32 data for 1997 exits, skipping parse
INFO:root: float32 data for 1997 exits, skipping parse
INFO:root: bool data for 1997 exits, skipping parse
INFO:root: float32 data for 1997 exits, skipping parse
INFO:root: float32 data for 1997 exits, skipping parse
INFO:root: float32 data for 1997 exits, skipping parse
INFO:root: float32 data for 1997 exits, skipping parse
INFO:root: float32 data for 1997 exits, skipping parse
INFO:root: float32 data for 1997 exits, skipping parse
INFO:root: float32 data for 1997 exits, skipping parse
INFO:root: float32 data for 1997 exits, skipping parse
INFO:root: float32 data for 1997 exits, skipping parse
INFO:root: float32 data for 1997 exits, skipping parse
INFO:root: float32 data for 1997 exits, skipping parse
INFO:root: float32 data for 1998 exits, skipping parse
INFO:root: float32 data for 1998 exits, skipping parse
INFO:root: float32 data for 1998 exits, skipping parse
INFO:root: bool data for 1998 exits, skipping parse
INFO:root: float32 data for 1998 exits, skipping parse
INFO:root: float32 data for 1998 exits, skipping parse
INFO:root: float32 data for 1998 exits, skipping parse
INFO:root: float32 data for 1998 exits, skipping parse
INFO:root: float32 data for 1998 exits, skipping parse
INFO:root: float32 data for 1998 exits, skipping parse
INFO:root: float32 data for 1998 exits, skipping parse
INFO:root: float32 data for 1998 exits, skipping parse
INFO:root: float32 data for 1998 exits, skipping parse
INFO:root: float32 data for 1998 exits, skipping parse
INFO:root: float32 data for 1998 exits, skipping parse
INFO:root: float32 data for 1999 exits, skipping parse
INFO:root: float32 data for 1999 exits, skipping parse
INFO:root: float32 data for 1999 exits, skipping parse
INFO:root: bool data for 1999 exits, skipping parse
INFO:root: float32 data for 1999 exits, skipping parse
INFO:root: float32 data for 1999 exits, skipping parse
INFO:root: float32 data for 1999 exits, skipping parse
INFO:root: float32 data for 1999 exits, skipping parse
INFO:root: float32 data for 1999 exits, skipping parse
INFO:root: float32 data for 1999 exits, skipping parse
INFO:root: Fine geospatialy filtering ../data/NOAA_weather_data/scratch/lcdc.1999.parquet
INFO:root: Fine geospatialy filtering ../data/NOAA_weather_data/scratch/hcdc.1999.parquet
INFO:root: Fine geospatialy filtering ../data/NOAA_weather_data/scratch/mcdc.1999.parquet
INFO:root: Fine geospatialy filtering ../data/NOAA_weather_data/scratch/prate.1999.parquet
INFO:root: Fine geospatialy filtering ../data/NOAA_weather_data/scratch/vis.1999.parquet
INFO:root: Fine geospatialy filtering ../data/NOAA_weather_data/scratch/air.sfc.2000.parquet
INFO:root: Fine geospatialy filtering ../data/NOAA_weather_data/scratch/air.2m.2000.parquet
INFO:root: Fine geospatialy filtering ../data/NOAA_weather_data/scratch/apcp.2000.parquet
INFO:root: Fine geospatialy filtering ../data/NOAA_weather_data/scratch/crain.2000.parquet
INFO:root: Fine geospatialy filtering ../data/NOAA_weather_data/scratch/rhum.2m.2000.parquet
INFO:root: Fine geospatialy filtering ../data/NOAA_weather_data/scratch/dpt.2m.2000.parquet
INFO:root: Fine geospatialy filtering ../data/NOAA_weather_data/scratch/pres.sfc.2000.parquet
INFO:root: Fine geospatialy filtering ../data/NOAA_weather_data/scratch/uwnd.10m.2000.parquet
INFO:root: Fine geospatialy filtering ../data/NOAA_weather_data/scratch/vwnd.10m.2000.parquet
INFO:root: Fine geospatialy filtering ../data/NOAA_weather_data/scratch/veg.2000.parquet
INFO:root: Fine geospatialy filtering ../data/NOAA_weather_data/scratch/lcdc.2000.parquet
INFO:root: Fine geospatialy filtering ../data/NOAA_weather_data/scratch/hcdc.2000.parquet
INFO:root: Fine geospatialy filtering ../data/NOAA_weather_data/scratch/mcdc.2000.parquet
INFO:root: Fine geospatialy filtering ../data/NOAA_weather_data/scratch/prate.2000.parquet
INFO:root: Fine geospatialy filtering ../data/NOAA_weather_data/scratch/vis.2000.parquet
INFO:root: Fine geospatialy filtering ../data/NOAA_weather_data/scratch/air.sfc.2001.parquet
INFO:root: Fine geospatialy filtering ../data/NOAA_weather_data/scratch/air.2m.2001.parquet
INFO:root: Fine geospatialy filtering ../data/NOAA_weather_data/scratch/apcp.2001.parquet
INFO:root: Fine geospatialy filtering ../data/NOAA_weather_data/scratch/crain.2001.parquet
INFO:root: Fine geospatialy filtering ../data/NOAA_weather_data/scratch/rhum.2m.2001.parquet
INFO:root: Fine geospatialy filtering ../data/NOAA_weather_data/scratch/dpt.2m.2001.parquet
INFO:root: Fine geospatialy filtering ../data/NOAA_weather_data/scratch/pres.sfc.2001.parquet
INFO:root: Fine geospatialy filtering ../data/NOAA_weather_data/scratch/uwnd.10m.2001.parquet
INFO:root: Fine geospatialy filtering ../data/NOAA_weather_data/scratch/vwnd.10m.2001.parquet
INFO:root: Fine geospatialy filtering ../data/NOAA_weather_data/scratch/veg.2001.parquet
INFO:root: Fine geospatialy filtering ../data/NOAA_weather_data/scratch/lcdc.2001.parquet
INFO:root: Fine geospatialy filtering ../data/NOAA_weather_data/scratch/hcdc.2001.parquet
INFO:root: Fine geospatialy filtering ../data/NOAA_weather_data/scratch/mcdc.2001.parquet
INFO:root: Fine geospatialy filtering ../data/NOAA_weather_data/scratch/prate.2001.parquet
INFO:root: Fine geospatialy filtering ../data/NOAA_weather_data/scratch/vis.2001.parquet
INFO:root: Fine geospatialy filtering ../data/NOAA_weather_data/scratch/air.sfc.2002.parquet
INFO:root: Fine geospatialy filtering ../data/NOAA_weather_data/scratch/air.2m.2002.parquet
INFO:root: Fine geospatialy filtering ../data/NOAA_weather_data/scratch/apcp.2002.parquet
INFO:root: Fine geospatialy filtering ../data/NOAA_weather_data/scratch/crain.2002.parquet
INFO:root: Fine geospatialy filtering ../data/NOAA_weather_data/scratch/rhum.2m.2002.parquet
INFO:root: Fine geospatialy filtering ../data/NOAA_weather_data/scratch/dpt.2m.2002.parquet
INFO:root: Fine geospatialy filtering ../data/NOAA_weather_data/scratch/pres.sfc.2002.parquet
INFO:root: Fine geospatialy filtering ../data/NOAA_weather_data/scratch/uwnd.10m.2002.parquet
INFO:root: Fine geospatialy filtering ../data/NOAA_weather_data/scratch/vwnd.10m.2002.parquet
INFO:root: Fine geospatialy filtering ../data/NOAA_weather_data/scratch/veg.2002.parquet
INFO:root: Fine geospatialy filtering ../data/NOAA_weather_data/scratch/lcdc.2002.parquet
INFO:root: Fine geospatialy filtering ../data/NOAA_weather_data/scratch/hcdc.2002.parquet
INFO:root: Fine geospatialy filtering ../data/NOAA_weather_data/scratch/mcdc.2002.parquet
INFO:root: Fine geospatialy filtering ../data/NOAA_weather_data/scratch/prate.2002.parquet
INFO:root: Fine geospatialy filtering ../data/NOAA_weather_data/scratch/vis.2002.parquet
INFO:root: Fine geospatialy filtering ../data/NOAA_weather_data/scratch/air.sfc.2003.parquet
INFO:root: Fine geospatialy filtering ../data/NOAA_weather_data/scratch/air.2m.2003.parquet
INFO:root: Fine geospatialy filtering ../data/NOAA_weather_data/scratch/apcp.2003.parquet
INFO:root: Fine geospatialy filtering ../data/NOAA_weather_data/scratch/crain.2003.parquet
INFO:root: Fine geospatialy filtering ../data/NOAA_weather_data/scratch/rhum.2m.2003.parquet
INFO:root: Fine geospatialy filtering ../data/NOAA_weather_data/scratch/dpt.2m.2003.parquet
INFO:root: Fine geospatialy filtering ../data/NOAA_weather_data/scratch/pres.sfc.2003.parquet
INFO:root: Fine geospatialy filtering ../data/NOAA_weather_data/scratch/uwnd.10m.2003.parquet
INFO:root: Fine geospatialy filtering ../data/NOAA_weather_data/scratch/vwnd.10m.2003.parquet
INFO:root: Fine geospatialy filtering ../data/NOAA_weather_data/scratch/veg.2003.parquet
INFO:root: Fine geospatialy filtering ../data/NOAA_weather_data/scratch/lcdc.2003.parquet
INFO:root: Fine geospatialy filtering ../data/NOAA_weather_data/scratch/hcdc.2003.parquet
INFO:root: Fine geospatialy filtering ../data/NOAA_weather_data/scratch/mcdc.2003.parquet
INFO:root: Fine geospatialy filtering ../data/NOAA_weather_data/scratch/prate.2003.parquet
INFO:root: Fine geospatialy filtering ../data/NOAA_weather_data/scratch/vis.2003.parquet
INFO:root: Fine geospatialy filtering ../data/NOAA_weather_data/scratch/air.sfc.2004.parquet
INFO:root: Fine geospatialy filtering ../data/NOAA_weather_data/scratch/air.2m.2004.parquet
INFO:root: Fine geospatialy filtering ../data/NOAA_weather_data/scratch/apcp.2004.parquet
INFO:root: Fine geospatialy filtering ../data/NOAA_weather_data/scratch/crain.2004.parquet
INFO:root: Fine geospatialy filtering ../data/NOAA_weather_data/scratch/rhum.2m.2004.parquet
INFO:root: Fine geospatialy filtering ../data/NOAA_weather_data/scratch/dpt.2m.2004.parquet
INFO:root: Fine geospatialy filtering ../data/NOAA_weather_data/scratch/pres.sfc.2004.parquet
INFO:root: Fine geospatialy filtering ../data/NOAA_weather_data/scratch/uwnd.10m.2004.parquet
INFO:root: Fine geospatialy filtering ../data/NOAA_weather_data/scratch/vwnd.10m.2004.parquet
INFO:root: Fine geospatialy filtering ../data/NOAA_weather_data/scratch/veg.2004.parquet
INFO:root: Fine geospatialy filtering ../data/NOAA_weather_data/scratch/lcdc.2004.parquet
INFO:root: Fine geospatialy filtering ../data/NOAA_weather_data/scratch/hcdc.2004.parquet
INFO:root: Fine geospatialy filtering ../data/NOAA_weather_data/scratch/mcdc.2004.parquet
INFO:root: Fine geospatialy filtering ../data/NOAA_weather_data/scratch/prate.2004.parquet
INFO:root: Fine geospatialy filtering ../data/NOAA_weather_data/scratch/vis.2004.parquet
INFO:root: Fine geospatialy filtering ../data/NOAA_weather_data/scratch/air.sfc.2005.parquet
INFO:root: Fine geospatialy filtering ../data/NOAA_weather_data/scratch/air.2m.2005.parquet
INFO:root: Fine geospatialy filtering ../data/NOAA_weather_data/scratch/apcp.2005.parquet
INFO:root: Fine geospatialy filtering ../data/NOAA_weather_data/scratch/crain.2005.parquet
INFO:root: Fine geospatialy filtering ../data/NOAA_weather_data/scratch/rhum.2m.2005.parquet
INFO:root: Fine geospatialy filtering ../data/NOAA_weather_data/scratch/dpt.2m.2005.parquet
INFO:root: Fine geospatialy filtering ../data/NOAA_weather_data/scratch/pres.sfc.2005.parquet
INFO:root: Fine geospatialy filtering ../data/NOAA_weather_data/scratch/uwnd.10m.2005.parquet
INFO:root: Fine geospatialy filtering ../data/NOAA_weather_data/scratch/vwnd.10m.2005.parquet
INFO:root: Fine geospatialy filtering ../data/NOAA_weather_data/scratch/veg.2005.parquet
INFO:root: Fine geospatialy filtering ../data/NOAA_weather_data/scratch/lcdc.2005.parquet
INFO:root: Fine geospatialy filtering ../data/NOAA_weather_data/scratch/hcdc.2005.parquet
INFO:root: Fine geospatialy filtering ../data/NOAA_weather_data/scratch/mcdc.2005.parquet
INFO:root: Fine geospatialy filtering ../data/NOAA_weather_data/scratch/prate.2005.parquet
INFO:root: Fine geospatialy filtering ../data/NOAA_weather_data/scratch/vis.2005.parquet
INFO:root: Fine geospatialy filtering ../data/NOAA_weather_data/scratch/air.sfc.2006.parquet
INFO:root: Fine geospatialy filtering ../data/NOAA_weather_data/scratch/air.2m.2006.parquet
INFO:root: Fine geospatialy filtering ../data/NOAA_weather_data/scratch/apcp.2006.parquet
INFO:root: Fine geospatialy filtering ../data/NOAA_weather_data/scratch/crain.2006.parquet
INFO:root: Fine geospatialy filtering ../data/NOAA_weather_data/scratch/rhum.2m.2006.parquet
INFO:root: Fine geospatialy filtering ../data/NOAA_weather_data/scratch/dpt.2m.2006.parquet
INFO:root: Fine geospatialy filtering ../data/NOAA_weather_data/scratch/pres.sfc.2006.parquet
INFO:root: Fine geospatialy filtering ../data/NOAA_weather_data/scratch/uwnd.10m.2006.parquet
INFO:root: Fine geospatialy filtering ../data/NOAA_weather_data/scratch/vwnd.10m.2006.parquet
INFO:root: Fine geospatialy filtering ../data/NOAA_weather_data/scratch/veg.2006.parquet
INFO:root: Fine geospatialy filtering ../data/NOAA_weather_data/scratch/lcdc.2006.parquet
INFO:root: Fine geospatialy filtering ../data/NOAA_weather_data/scratch/hcdc.2006.parquet
INFO:root: Fine geospatialy filtering ../data/NOAA_weather_data/scratch/mcdc.2006.parquet
INFO:root: Fine geospatialy filtering ../data/NOAA_weather_data/scratch/prate.2006.parquet
INFO:root: Fine geospatialy filtering ../data/NOAA_weather_data/scratch/vis.2006.parquet
INFO:root: Fine geospatialy filtering ../data/NOAA_weather_data/scratch/air.sfc.2007.parquet
INFO:root: Fine geospatialy filtering ../data/NOAA_weather_data/scratch/air.2m.2007.parquet
INFO:root: Fine geospatialy filtering ../data/NOAA_weather_data/scratch/apcp.2007.parquet
INFO:root: Fine geospatialy filtering ../data/NOAA_weather_data/scratch/crain.2007.parquet
INFO:root: Fine geospatialy filtering ../data/NOAA_weather_data/scratch/rhum.2m.2007.parquet
INFO:root: Fine geospatialy filtering ../data/NOAA_weather_data/scratch/dpt.2m.2007.parquet
INFO:root: Fine geospatialy filtering ../data/NOAA_weather_data/scratch/pres.sfc.2007.parquet
INFO:root: Fine geospatialy filtering ../data/NOAA_weather_data/scratch/uwnd.10m.2007.parquet
INFO:root: Fine geospatialy filtering ../data/NOAA_weather_data/scratch/vwnd.10m.2007.parquet
INFO:root: Fine geospatialy filtering ../data/NOAA_weather_data/scratch/veg.2007.parquet
INFO:root: Fine geospatialy filtering ../data/NOAA_weather_data/scratch/lcdc.2007.parquet
INFO:root: Fine geospatialy filtering ../data/NOAA_weather_data/scratch/hcdc.2007.parquet
INFO:root: Fine geospatialy filtering ../data/NOAA_weather_data/scratch/mcdc.2007.parquet
INFO:root: Fine geospatialy filtering ../data/NOAA_weather_data/scratch/prate.2007.parquet
INFO:root: Fine geospatialy filtering ../data/NOAA_weather_data/scratch/vis.2007.parquet
INFO:root: Fine geospatialy filtering ../data/NOAA_weather_data/scratch/air.sfc.2008.parquet
INFO:root: Fine geospatialy filtering ../data/NOAA_weather_data/scratch/air.2m.2008.parquet
INFO:root: Fine geospatialy filtering ../data/NOAA_weather_data/scratch/apcp.2008.parquet
INFO:root: Fine geospatialy filtering ../data/NOAA_weather_data/scratch/crain.2008.parquet
INFO:root: Fine geospatialy filtering ../data/NOAA_weather_data/scratch/rhum.2m.2008.parquet
INFO:root: Fine geospatialy filtering ../data/NOAA_weather_data/scratch/dpt.2m.2008.parquet
INFO:root: Fine geospatialy filtering ../data/NOAA_weather_data/scratch/pres.sfc.2008.parquet
INFO:root: Fine geospatialy filtering ../data/NOAA_weather_data/scratch/uwnd.10m.2008.parquet
INFO:root: Fine geospatialy filtering ../data/NOAA_weather_data/scratch/vwnd.10m.2008.parquet
INFO:root: Fine geospatialy filtering ../data/NOAA_weather_data/scratch/veg.2008.parquet
INFO:root: Fine geospatialy filtering ../data/NOAA_weather_data/scratch/lcdc.2008.parquet
INFO:root: Fine geospatialy filtering ../data/NOAA_weather_data/scratch/hcdc.2008.parquet
INFO:root: Fine geospatialy filtering ../data/NOAA_weather_data/scratch/mcdc.2008.parquet
INFO:root: Fine geospatialy filtering ../data/NOAA_weather_data/scratch/prate.2008.parquet
INFO:root: Fine geospatialy filtering ../data/NOAA_weather_data/scratch/vis.2008.parquet
INFO:root: Fine geospatialy filtering ../data/NOAA_weather_data/scratch/air.sfc.2009.parquet
INFO:root: Fine geospatialy filtering ../data/NOAA_weather_data/scratch/air.2m.2009.parquet
INFO:root: Fine geospatialy filtering ../data/NOAA_weather_data/scratch/apcp.2009.parquet
INFO:root: Fine geospatialy filtering ../data/NOAA_weather_data/scratch/crain.2009.parquet
INFO:root: Fine geospatialy filtering ../data/NOAA_weather_data/scratch/rhum.2m.2009.parquet
INFO:root: Fine geospatialy filtering ../data/NOAA_weather_data/scratch/dpt.2m.2009.parquet
INFO:root: Fine geospatialy filtering ../data/NOAA_weather_data/scratch/pres.sfc.2009.parquet
INFO:root: Fine geospatialy filtering ../data/NOAA_weather_data/scratch/uwnd.10m.2009.parquet
INFO:root: Fine geospatialy filtering ../data/NOAA_weather_data/scratch/vwnd.10m.2009.parquet
INFO:root: Fine geospatialy filtering ../data/NOAA_weather_data/scratch/veg.2009.parquet
INFO:root: Fine geospatialy filtering ../data/NOAA_weather_data/scratch/lcdc.2009.parquet
INFO:root: Fine geospatialy filtering ../data/NOAA_weather_data/scratch/hcdc.2009.parquet
INFO:root: Fine geospatialy filtering ../data/NOAA_weather_data/scratch/mcdc.2009.parquet
INFO:root: Fine geospatialy filtering ../data/NOAA_weather_data/scratch/prate.2009.parquet
INFO:root: Fine geospatialy filtering ../data/NOAA_weather_data/scratch/vis.2009.parquet
INFO:root: Fine geospatialy filtering ../data/NOAA_weather_data/scratch/air.sfc.2010.parquet
INFO:root: Fine geospatialy filtering ../data/NOAA_weather_data/scratch/air.2m.2010.parquet
INFO:root: Fine geospatialy filtering ../data/NOAA_weather_data/scratch/apcp.2010.parquet
INFO:root: Fine geospatialy filtering ../data/NOAA_weather_data/scratch/crain.2010.parquet
INFO:root: Fine geospatialy filtering ../data/NOAA_weather_data/scratch/rhum.2m.2010.parquet
INFO:root: Fine geospatialy filtering ../data/NOAA_weather_data/scratch/dpt.2m.2010.parquet
INFO:root: Fine geospatialy filtering ../data/NOAA_weather_data/scratch/pres.sfc.2010.parquet
INFO:root: Fine geospatialy filtering ../data/NOAA_weather_data/scratch/uwnd.10m.2010.parquet
INFO:root: Fine geospatialy filtering ../data/NOAA_weather_data/scratch/vwnd.10m.2010.parquet
INFO:root: Fine geospatialy filtering ../data/NOAA_weather_data/scratch/veg.2010.parquet
INFO:root: Fine geospatialy filtering ../data/NOAA_weather_data/scratch/lcdc.2010.parquet
INFO:root: Fine geospatialy filtering ../data/NOAA_weather_data/scratch/hcdc.2010.parquet
INFO:root: Fine geospatialy filtering ../data/NOAA_weather_data/scratch/mcdc.2010.parquet
INFO:root: Fine geospatialy filtering ../data/NOAA_weather_data/scratch/prate.2010.parquet
INFO:root: Fine geospatialy filtering ../data/NOAA_weather_data/scratch/vis.2010.parquet
INFO:root: Fine geospatialy filtering ../data/NOAA_weather_data/scratch/air.sfc.2011.parquet
INFO:root: Fine geospatialy filtering ../data/NOAA_weather_data/scratch/air.2m.2011.parquet
INFO:root: Fine geospatialy filtering ../data/NOAA_weather_data/scratch/apcp.2011.parquet
INFO:root: Fine geospatialy filtering ../data/NOAA_weather_data/scratch/crain.2011.parquet
INFO:root: Fine geospatialy filtering ../data/NOAA_weather_data/scratch/rhum.2m.2011.parquet
INFO:root: Fine geospatialy filtering ../data/NOAA_weather_data/scratch/dpt.2m.2011.parquet
INFO:root: Fine geospatialy filtering ../data/NOAA_weather_data/scratch/pres.sfc.2011.parquet
INFO:root: Fine geospatialy filtering ../data/NOAA_weather_data/scratch/uwnd.10m.2011.parquet
INFO:root: Fine geospatialy filtering ../data/NOAA_weather_data/scratch/vwnd.10m.2011.parquet
INFO:root: Fine geospatialy filtering ../data/NOAA_weather_data/scratch/veg.2011.parquet
INFO:root: Fine geospatialy filtering ../data/NOAA_weather_data/scratch/lcdc.2011.parquet
INFO:root: Fine geospatialy filtering ../data/NOAA_weather_data/scratch/hcdc.2011.parquet
INFO:root: Fine geospatialy filtering ../data/NOAA_weather_data/scratch/mcdc.2011.parquet
INFO:root: Fine geospatialy filtering ../data/NOAA_weather_data/scratch/prate.2011.parquet
INFO:root: Fine geospatialy filtering ../data/NOAA_weather_data/scratch/vis.2011.parquet
INFO:root: Fine geospatialy filtering ../data/NOAA_weather_data/scratch/air.sfc.2012.parquet
INFO:root: Fine geospatialy filtering ../data/NOAA_weather_data/scratch/air.2m.2012.parquet
INFO:root: Fine geospatialy filtering ../data/NOAA_weather_data/scratch/apcp.2012.parquet
INFO:root: Fine geospatialy filtering ../data/NOAA_weather_data/scratch/crain.2012.parquet
INFO:root: Fine geospatialy filtering ../data/NOAA_weather_data/scratch/rhum.2m.2012.parquet
INFO:root: Fine geospatialy filtering ../data/NOAA_weather_data/scratch/dpt.2m.2012.parquet
INFO:root: Fine geospatialy filtering ../data/NOAA_weather_data/scratch/pres.sfc.2012.parquet
INFO:root: Fine geospatialy filtering ../data/NOAA_weather_data/scratch/uwnd.10m.2012.parquet
INFO:root: Fine geospatialy filtering ../data/NOAA_weather_data/scratch/vwnd.10m.2012.parquet
INFO:root: Fine geospatialy filtering ../data/NOAA_weather_data/scratch/veg.2012.parquet
INFO:root: Fine geospatialy filtering ../data/NOAA_weather_data/scratch/lcdc.2012.parquet
INFO:root: Fine geospatialy filtering ../data/NOAA_weather_data/scratch/hcdc.2012.parquet
INFO:root: Fine geospatialy filtering ../data/NOAA_weather_data/scratch/mcdc.2012.parquet
INFO:root: Fine geospatialy filtering ../data/NOAA_weather_data/scratch/prate.2012.parquet
INFO:root: Fine geospatialy filtering ../data/NOAA_weather_data/scratch/vis.2012.parquet
INFO:root: Fine geospatialy filtering ../data/NOAA_weather_data/scratch/air.sfc.2013.parquet
INFO:root: Fine geospatialy filtering ../data/NOAA_weather_data/scratch/air.2m.2013.parquet
INFO:root: Fine geospatialy filtering ../data/NOAA_weather_data/scratch/apcp.2013.parquet
INFO:root: Fine geospatialy filtering ../data/NOAA_weather_data/scratch/crain.2013.parquet
INFO:root: Fine geospatialy filtering ../data/NOAA_weather_data/scratch/rhum.2m.2013.parquet
INFO:root: Fine geospatialy filtering ../data/NOAA_weather_data/scratch/dpt.2m.2013.parquet
INFO:root: Fine geospatialy filtering ../data/NOAA_weather_data/scratch/pres.sfc.2013.parquet
INFO:root: Fine geospatialy filtering ../data/NOAA_weather_data/scratch/uwnd.10m.2013.parquet
INFO:root: Fine geospatialy filtering ../data/NOAA_weather_data/scratch/vwnd.10m.2013.parquet
INFO:root: Fine geospatialy filtering ../data/NOAA_weather_data/scratch/veg.2013.parquet
INFO:root: Fine geospatialy filtering ../data/NOAA_weather_data/scratch/lcdc.2013.parquet
INFO:root: Fine geospatialy filtering ../data/NOAA_weather_data/scratch/hcdc.2013.parquet
INFO:root: Fine geospatialy filtering ../data/NOAA_weather_data/scratch/mcdc.2013.parquet
INFO:root: Fine geospatialy filtering ../data/NOAA_weather_data/scratch/prate.2013.parquet
INFO:root: Fine geospatialy filtering ../data/NOAA_weather_data/scratch/vis.2013.parquet
INFO:root: Fine geospatialy filtering ../data/NOAA_weather_data/scratch/air.sfc.2014.parquet
INFO:root: Fine geospatialy filtering ../data/NOAA_weather_data/scratch/air.2m.2014.parquet
INFO:root: Fine geospatialy filtering ../data/NOAA_weather_data/scratch/apcp.2014.parquet
INFO:root: Fine geospatialy filtering ../data/NOAA_weather_data/scratch/crain.2014.parquet
INFO:root: Fine geospatialy filtering ../data/NOAA_weather_data/scratch/rhum.2m.2014.parquet
INFO:root: Fine geospatialy filtering ../data/NOAA_weather_data/scratch/dpt.2m.2014.parquet
INFO:root: Fine geospatialy filtering ../data/NOAA_weather_data/scratch/pres.sfc.2014.parquet
INFO:root: Fine geospatialy filtering ../data/NOAA_weather_data/scratch/uwnd.10m.2014.parquet
INFO:root: Fine geospatialy filtering ../data/NOAA_weather_data/scratch/vwnd.10m.2014.parquet
INFO:root: Fine geospatialy filtering ../data/NOAA_weather_data/scratch/veg.2014.parquet
INFO:root: Fine geospatialy filtering ../data/NOAA_weather_data/scratch/lcdc.2014.parquet
INFO:root: Fine geospatialy filtering ../data/NOAA_weather_data/scratch/hcdc.2014.parquet
INFO:root: Fine geospatialy filtering ../data/NOAA_weather_data/scratch/mcdc.2014.parquet
INFO:root: Fine geospatialy filtering ../data/NOAA_weather_data/scratch/prate.2014.parquet
INFO:root: Fine geospatialy filtering ../data/NOAA_weather_data/scratch/vis.2014.parquet
INFO:root: float32 data for 1992 exits, skipping parse
INFO:root: float32 data for 1992 exits, skipping parse
INFO:root: float32 data for 1992 exits, skipping parse
INFO:root: bool data for 1992 exits, skipping parse
INFO:root: float32 data for 1992 exits, skipping parse
INFO:root: float32 data for 1992 exits, skipping parse
INFO:root: float32 data for 1992 exits, skipping parse
INFO:root: float32 data for 1992 exits, skipping parse
INFO:root: float32 data for 1992 exits, skipping parse
INFO:root: float32 data for 1992 exits, skipping parse
INFO:root: float32 data for 1992 exits, skipping parse
INFO:root: float32 data for 1992 exits, skipping parse
INFO:root: float32 data for 1992 exits, skipping parse
INFO:root: float32 data for 1992 exits, skipping parse
INFO:root: float32 data for 1992 exits, skipping parse
INFO:root: float32 data for 1993 exits, skipping parse
INFO:root: float32 data for 1993 exits, skipping parse
INFO:root: float32 data for 1993 exits, skipping parse
INFO:root: bool data for 1993 exits, skipping parse
INFO:root: float32 data for 1993 exits, skipping parse
INFO:root: float32 data for 1993 exits, skipping parse
INFO:root: float32 data for 1993 exits, skipping parse
INFO:root: float32 data for 1993 exits, skipping parse
INFO:root: float32 data for 1993 exits, skipping parse
INFO:root: float32 data for 1993 exits, skipping parse
INFO:root: float32 data for 1993 exits, skipping parse
INFO:root: float32 data for 1993 exits, skipping parse
INFO:root: float32 data for 1993 exits, skipping parse
INFO:root: float32 data for 1993 exits, skipping parse
INFO:root: float32 data for 1993 exits, skipping parse
INFO:root: float32 data for 1994 exits, skipping parse
INFO:root: float32 data for 1994 exits, skipping parse
INFO:root: float32 data for 1994 exits, skipping parse
INFO:root: bool data for 1994 exits, skipping parse
INFO:root: float32 data for 1994 exits, skipping parse
INFO:root: float32 data for 1994 exits, skipping parse
INFO:root: float32 data for 1994 exits, skipping parse
INFO:root: float32 data for 1994 exits, skipping parse
INFO:root: float32 data for 1994 exits, skipping parse
INFO:root: float32 data for 1994 exits, skipping parse
INFO:root: float32 data for 1994 exits, skipping parse
INFO:root: float32 data for 1994 exits, skipping parse
INFO:root: float32 data for 1994 exits, skipping parse
INFO:root: float32 data for 1994 exits, skipping parse
INFO:root: float32 data for 1994 exits, skipping parse
INFO:root: float32 data for 1995 exits, skipping parse
INFO:root: float32 data for 1995 exits, skipping parse
INFO:root: float32 data for 1995 exits, skipping parse
INFO:root: bool data for 1995 exits, skipping parse
INFO:root: float32 data for 1995 exits, skipping parse
INFO:root: float32 data for 1995 exits, skipping parse
INFO:root: float32 data for 1995 exits, skipping parse
INFO:root: float32 data for 1995 exits, skipping parse
INFO:root: float32 data for 1995 exits, skipping parse
INFO:root: float32 data for 1995 exits, skipping parse
INFO:root: float32 data for 1995 exits, skipping parse
INFO:root: float32 data for 1995 exits, skipping parse
INFO:root: float32 data for 1995 exits, skipping parse
INFO:root: float32 data for 1995 exits, skipping parse
INFO:root: float32 data for 1995 exits, skipping parse
INFO:root: float32 data for 1996 exits, skipping parse
INFO:root: float32 data for 1996 exits, skipping parse
INFO:root: float32 data for 1996 exits, skipping parse
INFO:root: bool data for 1996 exits, skipping parse
INFO:root: float32 data for 1996 exits, skipping parse
INFO:root: float32 data for 1996 exits, skipping parse
INFO:root: float32 data for 1996 exits, skipping parse
INFO:root: float32 data for 1996 exits, skipping parse
INFO:root: float32 data for 1996 exits, skipping parse
INFO:root: float32 data for 1996 exits, skipping parse
INFO:root: float32 data for 1996 exits, skipping parse
INFO:root: float32 data for 1996 exits, skipping parse
INFO:root: float32 data for 1996 exits, skipping parse
INFO:root: float32 data for 1996 exits, skipping parse
INFO:root: float32 data for 1996 exits, skipping parse
INFO:root: float32 data for 1997 exits, skipping parse
INFO:root: float32 data for 1997 exits, skipping parse
INFO:root: float32 data for 1997 exits, skipping parse
INFO:root: bool data for 1997 exits, skipping parse
INFO:root: float32 data for 1997 exits, skipping parse
INFO:root: float32 data for 1997 exits, skipping parse
INFO:root: float32 data for 1997 exits, skipping parse
INFO:root: float32 data for 1997 exits, skipping parse
INFO:root: float32 data for 1997 exits, skipping parse
INFO:root: float32 data for 1997 exits, skipping parse
INFO:root: float32 data for 1997 exits, skipping parse
INFO:root: float32 data for 1997 exits, skipping parse
INFO:root: float32 data for 1997 exits, skipping parse
INFO:root: float32 data for 1997 exits, skipping parse
INFO:root: float32 data for 1997 exits, skipping parse
INFO:root: float32 data for 1998 exits, skipping parse
INFO:root: float32 data for 1998 exits, skipping parse
INFO:root: float32 data for 1998 exits, skipping parse
INFO:root: bool data for 1998 exits, skipping parse
INFO:root: float32 data for 1998 exits, skipping parse
INFO:root: float32 data for 1998 exits, skipping parse
INFO:root: float32 data for 1998 exits, skipping parse
INFO:root: float32 data for 1998 exits, skipping parse
INFO:root: float32 data for 1998 exits, skipping parse
INFO:root: float32 data for 1998 exits, skipping parse
INFO:root: float32 data for 1998 exits, skipping parse
INFO:root: float32 data for 1998 exits, skipping parse
INFO:root: float32 data for 1998 exits, skipping parse
INFO:root: float32 data for 1998 exits, skipping parse
INFO:root: float32 data for 1998 exits, skipping parse
INFO:root: float32 data for 1999 exits, skipping parse
INFO:root: float32 data for 1999 exits, skipping parse
INFO:root: float32 data for 1999 exits, skipping parse
INFO:root: bool data for 1999 exits, skipping parse
INFO:root: float32 data for 1999 exits, skipping parse
INFO:root: float32 data for 1999 exits, skipping parse
INFO:root: float32 data for 1999 exits, skipping parse
INFO:root: float32 data for 1999 exits, skipping parse
INFO:root: float32 data for 1999 exits, skipping parse
INFO:root: float32 data for 1999 exits, skipping parse
INFO:root: float32 data for 1999 exits, skipping parse
INFO:root: float32 data for 1999 exits, skipping parse
INFO:root: float32 data for 1999 exits, skipping parse
INFO:root: float32 data for 1999 exits, skipping parse
INFO:root: float32 data for 1999 exits, skipping parse
INFO:root: float32 data for 2000 exits, skipping parse
INFO:root: float32 data for 2000 exits, skipping parse
INFO:root: float32 data for 2000 exits, skipping parse
INFO:root: bool data for 2000 exits, skipping parse
INFO:root: float32 data for 2000 exits, skipping parse
INFO:root: float32 data for 2000 exits, skipping parse
INFO:root: float32 data for 2000 exits, skipping parse
INFO:root: float32 data for 2000 exits, skipping parse
INFO:root: float32 data for 2000 exits, skipping parse
INFO:root: float32 data for 2000 exits, skipping parse
INFO:root: float32 data for 2000 exits, skipping parse
INFO:root: float32 data for 2000 exits, skipping parse
INFO:root: float32 data for 2000 exits, skipping parse
INFO:root: float32 data for 2000 exits, skipping parse
INFO:root: float32 data for 2000 exits, skipping parse
INFO:root: float32 data for 2001 exits, skipping parse
INFO:root: float32 data for 2001 exits, skipping parse
INFO:root: float32 data for 2001 exits, skipping parse
INFO:root: bool data for 2001 exits, skipping parse
INFO:root: float32 data for 2001 exits, skipping parse
INFO:root: float32 data for 2001 exits, skipping parse
INFO:root: float32 data for 2001 exits, skipping parse
INFO:root: float32 data for 2001 exits, skipping parse
INFO:root: float32 data for 2001 exits, skipping parse
INFO:root: float32 data for 2001 exits, skipping parse
INFO:root: float32 data for 2001 exits, skipping parse
INFO:root: float32 data for 2001 exits, skipping parse
INFO:root: float32 data for 2001 exits, skipping parse
INFO:root: float32 data for 2001 exits, skipping parse
INFO:root: float32 data for 2001 exits, skipping parse
INFO:root: float32 data for 2002 exits, skipping parse
INFO:root: float32 data for 2002 exits, skipping parse
INFO:root: float32 data for 2002 exits, skipping parse
INFO:root: bool data for 2002 exits, skipping parse
INFO:root: float32 data for 2002 exits, skipping parse
INFO:root: float32 data for 2002 exits, skipping parse
INFO:root: float32 data for 2002 exits, skipping parse
INFO:root: float32 data for 2002 exits, skipping parse
INFO:root: float32 data for 2002 exits, skipping parse
INFO:root: float32 data for 2002 exits, skipping parse
INFO:root: float32 data for 2002 exits, skipping parse
INFO:root: float32 data for 2002 exits, skipping parse
INFO:root: float32 data for 2002 exits, skipping parse
INFO:root: float32 data for 2002 exits, skipping parse
INFO:root: float32 data for 2002 exits, skipping parse
INFO:root: float32 data for 2003 exits, skipping parse
INFO:root: float32 data for 2003 exits, skipping parse
INFO:root: float32 data for 2003 exits, skipping parse
INFO:root: bool data for 2003 exits, skipping parse
INFO:root: float32 data for 2003 exits, skipping parse
INFO:root: float32 data for 2003 exits, skipping parse
INFO:root: float32 data for 2003 exits, skipping parse
INFO:root: float32 data for 2003 exits, skipping parse
INFO:root: float32 data for 2003 exits, skipping parse
INFO:root: float32 data for 2003 exits, skipping parse
INFO:root: float32 data for 2003 exits, skipping parse
INFO:root: float32 data for 2003 exits, skipping parse
INFO:root: float32 data for 2003 exits, skipping parse
INFO:root: float32 data for 2003 exits, skipping parse
INFO:root: float32 data for 2003 exits, skipping parse
INFO:root: float32 data for 2004 exits, skipping parse
INFO:root: float32 data for 2004 exits, skipping parse
INFO:root: float32 data for 2004 exits, skipping parse
INFO:root: bool data for 2004 exits, skipping parse
INFO:root: float32 data for 2004 exits, skipping parse
INFO:root: float32 data for 2004 exits, skipping parse
INFO:root: float32 data for 2004 exits, skipping parse
INFO:root: float32 data for 2004 exits, skipping parse
INFO:root: float32 data for 2004 exits, skipping parse
INFO:root: float32 data for 2004 exits, skipping parse
INFO:root: float32 data for 2004 exits, skipping parse
INFO:root: float32 data for 2004 exits, skipping parse
INFO:root: float32 data for 2004 exits, skipping parse
INFO:root: float32 data for 2004 exits, skipping parse
INFO:root: float32 data for 2004 exits, skipping parse
INFO:root: float32 data for 2005 exits, skipping parse
INFO:root: float32 data for 2005 exits, skipping parse
INFO:root: float32 data for 2005 exits, skipping parse
INFO:root: bool data for 2005 exits, skipping parse
INFO:root: float32 data for 2005 exits, skipping parse
INFO:root: float32 data for 2005 exits, skipping parse
INFO:root: float32 data for 2005 exits, skipping parse
INFO:root: float32 data for 2005 exits, skipping parse
INFO:root: float32 data for 2005 exits, skipping parse
INFO:root: float32 data for 2005 exits, skipping parse
INFO:root: float32 data for 2005 exits, skipping parse
INFO:root: float32 data for 2005 exits, skipping parse
INFO:root: float32 data for 2005 exits, skipping parse
INFO:root: float32 data for 2005 exits, skipping parse
INFO:root: float32 data for 2005 exits, skipping parse
INFO:root: float32 data for 2006 exits, skipping parse
INFO:root: float32 data for 2006 exits, skipping parse
INFO:root: float32 data for 2006 exits, skipping parse
INFO:root: bool data for 2006 exits, skipping parse
INFO:root: float32 data for 2006 exits, skipping parse
INFO:root: float32 data for 2006 exits, skipping parse
INFO:root: float32 data for 2006 exits, skipping parse
INFO:root: float32 data for 2006 exits, skipping parse
INFO:root: float32 data for 2006 exits, skipping parse
INFO:root: float32 data for 2006 exits, skipping parse
INFO:root: float32 data for 2006 exits, skipping parse
INFO:root: float32 data for 2006 exits, skipping parse
INFO:root: float32 data for 2006 exits, skipping parse
INFO:root: float32 data for 2006 exits, skipping parse
INFO:root: float32 data for 2006 exits, skipping parse
INFO:root: float32 data for 2007 exits, skipping parse
INFO:root: float32 data for 2007 exits, skipping parse
INFO:root: float32 data for 2007 exits, skipping parse
INFO:root: bool data for 2007 exits, skipping parse
INFO:root: float32 data for 2007 exits, skipping parse
INFO:root: float32 data for 2007 exits, skipping parse
INFO:root: float32 data for 2007 exits, skipping parse
INFO:root: float32 data for 2007 exits, skipping parse
INFO:root: float32 data for 2007 exits, skipping parse
INFO:root: float32 data for 2007 exits, skipping parse
INFO:root: float32 data for 2007 exits, skipping parse
INFO:root: float32 data for 2007 exits, skipping parse
INFO:root: float32 data for 2007 exits, skipping parse
INFO:root: float32 data for 2007 exits, skipping parse
INFO:root: float32 data for 2007 exits, skipping parse
INFO:root: float32 data for 2008 exits, skipping parse
INFO:root: float32 data for 2008 exits, skipping parse
INFO:root: float32 data for 2008 exits, skipping parse
INFO:root: bool data for 2008 exits, skipping parse
INFO:root: float32 data for 2008 exits, skipping parse
INFO:root: float32 data for 2008 exits, skipping parse
INFO:root: float32 data for 2008 exits, skipping parse
INFO:root: float32 data for 2008 exits, skipping parse
INFO:root: float32 data for 2008 exits, skipping parse
INFO:root: float32 data for 2008 exits, skipping parse
INFO:root: float32 data for 2008 exits, skipping parse
INFO:root: float32 data for 2008 exits, skipping parse
INFO:root: float32 data for 2008 exits, skipping parse
INFO:root: float32 data for 2008 exits, skipping parse
INFO:root: float32 data for 2008 exits, skipping parse
INFO:root: float32 data for 2009 exits, skipping parse
INFO:root: float32 data for 2009 exits, skipping parse
INFO:root: float32 data for 2009 exits, skipping parse
INFO:root: bool data for 2009 exits, skipping parse
INFO:root: float32 data for 2009 exits, skipping parse
INFO:root: float32 data for 2009 exits, skipping parse
INFO:root: float32 data for 2009 exits, skipping parse
INFO:root: float32 data for 2009 exits, skipping parse
INFO:root: float32 data for 2009 exits, skipping parse
INFO:root: float32 data for 2009 exits, skipping parse
INFO:root: float32 data for 2009 exits, skipping parse
INFO:root: float32 data for 2009 exits, skipping parse
INFO:root: float32 data for 2009 exits, skipping parse
INFO:root: float32 data for 2009 exits, skipping parse
INFO:root: float32 data for 2009 exits, skipping parse
INFO:root: float32 data for 2010 exits, skipping parse
INFO:root: float32 data for 2010 exits, skipping parse
INFO:root: float32 data for 2010 exits, skipping parse
INFO:root: bool data for 2010 exits, skipping parse
INFO:root: float32 data for 2010 exits, skipping parse
INFO:root: float32 data for 2010 exits, skipping parse
INFO:root: float32 data for 2010 exits, skipping parse
INFO:root: float32 data for 2010 exits, skipping parse
INFO:root: float32 data for 2010 exits, skipping parse
INFO:root: float32 data for 2010 exits, skipping parse
INFO:root: float32 data for 2010 exits, skipping parse
INFO:root: float32 data for 2010 exits, skipping parse
INFO:root: float32 data for 2010 exits, skipping parse
INFO:root: float32 data for 2010 exits, skipping parse
INFO:root: float32 data for 2010 exits, skipping parse
INFO:root: float32 data for 2011 exits, skipping parse
INFO:root: float32 data for 2011 exits, skipping parse
INFO:root: float32 data for 2011 exits, skipping parse
INFO:root: bool data for 2011 exits, skipping parse
INFO:root: float32 data for 2011 exits, skipping parse
INFO:root: float32 data for 2011 exits, skipping parse
INFO:root: float32 data for 2011 exits, skipping parse
INFO:root: float32 data for 2011 exits, skipping parse
INFO:root: float32 data for 2011 exits, skipping parse
INFO:root: float32 data for 2011 exits, skipping parse
INFO:root: float32 data for 2011 exits, skipping parse
INFO:root: float32 data for 2011 exits, skipping parse
INFO:root: float32 data for 2011 exits, skipping parse
INFO:root: float32 data for 2011 exits, skipping parse
INFO:root: float32 data for 2011 exits, skipping parse
INFO:root: float32 data for 2012 exits, skipping parse
INFO:root: float32 data for 2012 exits, skipping parse
INFO:root: float32 data for 2012 exits, skipping parse
INFO:root: bool data for 2012 exits, skipping parse
INFO:root: float32 data for 2012 exits, skipping parse
INFO:root: float32 data for 2012 exits, skipping parse
INFO:root: float32 data for 2012 exits, skipping parse
INFO:root: float32 data for 2012 exits, skipping parse
INFO:root: float32 data for 2012 exits, skipping parse
INFO:root: float32 data for 2012 exits, skipping parse
INFO:root: float32 data for 2012 exits, skipping parse
INFO:root: float32 data for 2012 exits, skipping parse
INFO:root: float32 data for 2012 exits, skipping parse
INFO:root: float32 data for 2012 exits, skipping parse
INFO:root: float32 data for 2012 exits, skipping parse
INFO:root: float32 data for 2013 exits, skipping parse
INFO:root: float32 data for 2013 exits, skipping parse
INFO:root: float32 data for 2013 exits, skipping parse
INFO:root: bool data for 2013 exits, skipping parse
INFO:root: float32 data for 2013 exits, skipping parse
INFO:root: float32 data for 2013 exits, skipping parse
INFO:root: float32 data for 2013 exits, skipping parse
INFO:root: float32 data for 2013 exits, skipping parse
INFO:root: float32 data for 2013 exits, skipping parse
INFO:root: float32 data for 2013 exits, skipping parse
INFO:root: float32 data for 2013 exits, skipping parse
INFO:root: float32 data for 2013 exits, skipping parse
INFO:root: float32 data for 2013 exits, skipping parse
INFO:root: float32 data for 2013 exits, skipping parse
INFO:root: float32 data for 2013 exits, skipping parse
INFO:root: float32 data for 2014 exits, skipping parse
INFO:root: float32 data for 2014 exits, skipping parse
INFO:root: float32 data for 2014 exits, skipping parse
INFO:root: bool data for 2014 exits, skipping parse
INFO:root: float32 data for 2014 exits, skipping parse
INFO:root: float32 data for 2014 exits, skipping parse
INFO:root: float32 data for 2014 exits, skipping parse
INFO:root: float32 data for 2014 exits, skipping parse
INFO:root: float32 data for 2014 exits, skipping parse
INFO:root: float32 data for 2014 exits, skipping parse
INFO:root: float32 data for 2014 exits, skipping parse
INFO:root: float32 data for 2014 exits, skipping parse
INFO:root: float32 data for 2014 exits, skipping parse
INFO:root: float32 data for 2014 exits, skipping parse
INFO:root: float32 data for 2014 exits, skipping parse
INFO:root: Fine geospatialy filtering /mnt/SSD/data/NOAA_weather_data/scratch/air.sfc.2015.parquet
INFO:root: Fine geospatialy filtering /mnt/SSD/data/NOAA_weather_data/scratch/air.2m.2015.parquet
INFO:root: Fine geospatialy filtering /mnt/SSD/data/NOAA_weather_data/scratch/apcp.2015.parquet
INFO:root: Fine geospatialy filtering /mnt/SSD/data/NOAA_weather_data/scratch/crain.2015.parquet
INFO:root: Fine geospatialy filtering /mnt/SSD/data/NOAA_weather_data/scratch/rhum.2m.2015.parquet
INFO:root: Fine geospatialy filtering /mnt/SSD/data/NOAA_weather_data/scratch/dpt.2m.2015.parquet
INFO:root: Fine geospatialy filtering /mnt/SSD/data/NOAA_weather_data/scratch/pres.sfc.2015.parquet
INFO:root: Fine geospatialy filtering /mnt/SSD/data/NOAA_weather_data/scratch/uwnd.10m.2015.parquet
INFO:root: Fine geospatialy filtering /mnt/SSD/data/NOAA_weather_data/scratch/vwnd.10m.2015.parquet
INFO:root: Fine geospatialy filtering /mnt/SSD/data/NOAA_weather_data/scratch/veg.2015.parquet
INFO:root: Fine geospatialy filtering /mnt/SSD/data/NOAA_weather_data/scratch/lcdc.2015.parquet
INFO:root: Fine geospatialy filtering /mnt/SSD/data/NOAA_weather_data/scratch/hcdc.2015.parquet
INFO:root: Fine geospatialy filtering /mnt/SSD/data/NOAA_weather_data/scratch/mcdc.2015.parquet
INFO:root: Fine geospatialy filtering /mnt/SSD/data/NOAA_weather_data/scratch/prate.2015.parquet
INFO:root: Fine geospatialy filtering /mnt/SSD/data/NOAA_weather_data/scratch/vis.2015.parquet
