DEBUG:py4j.java_gateway:Command to send: A
4aba625e5f49408305777859ee42099871aa64a83f2518ad71af038bad3559a5

DEBUG:py4j.java_gateway:Answer received: !yv
DEBUG:py4j.java_gateway:Command to send: j
i
rj
org.apache.spark.SparkConf
e

DEBUG:py4j.java_gateway:Answer received: !yv
DEBUG:py4j.java_gateway:Command to send: j
i
rj
org.apache.spark.api.java.*
e

DEBUG:py4j.java_gateway:Answer received: !yv
DEBUG:py4j.java_gateway:Command to send: j
i
rj
org.apache.spark.api.python.*
e

DEBUG:py4j.java_gateway:Answer received: !yv
DEBUG:py4j.java_gateway:Command to send: j
i
rj
org.apache.spark.ml.python.*
e

DEBUG:py4j.java_gateway:Answer received: !yv
DEBUG:py4j.java_gateway:Command to send: j
i
rj
org.apache.spark.mllib.api.python.*
e

DEBUG:py4j.java_gateway:Answer received: !yv
DEBUG:py4j.java_gateway:Command to send: j
i
rj
org.apache.spark.sql.*
e

DEBUG:py4j.java_gateway:Answer received: !yv
DEBUG:py4j.java_gateway:Command to send: j
i
rj
org.apache.spark.sql.api.python.*
e

DEBUG:py4j.java_gateway:Answer received: !yv
DEBUG:py4j.java_gateway:Command to send: j
i
rj
org.apache.spark.sql.hive.*
e

DEBUG:py4j.java_gateway:Answer received: !yv
DEBUG:py4j.java_gateway:Command to send: j
i
rj
scala.Tuple2
e

DEBUG:py4j.java_gateway:Answer received: !yv
DEBUG:py4j.java_gateway:Command to send: r
u
SparkConf
rj
e

DEBUG:py4j.java_gateway:Answer received: !ycorg.apache.spark.SparkConf
DEBUG:py4j.java_gateway:Command to send: i
org.apache.spark.SparkConf
bTrue
e

DEBUG:py4j.java_gateway:Answer received: !yro0
DEBUG:py4j.java_gateway:Command to send: c
o0
set
sspark.master
sspark://192.168.2.1:7077
e

DEBUG:py4j.java_gateway:Answer received: !yro1
DEBUG:py4j.java_gateway:Command to send: m
d
o1
e

DEBUG:py4j.java_gateway:Answer received: !yv
DEBUG:py4j.java_gateway:Command to send: c
o0
set
sspark.app.name
sspark_combine_fire_and_weather_data.py
e

DEBUG:py4j.java_gateway:Answer received: !yro2
DEBUG:py4j.java_gateway:Command to send: m
d
o2
e

DEBUG:py4j.java_gateway:Answer received: !yv
DEBUG:py4j.java_gateway:Command to send: c
o0
contains
sspark.serializer.objectStreamReset
e

DEBUG:py4j.java_gateway:Answer received: !ybfalse
DEBUG:py4j.java_gateway:Command to send: c
o0
set
sspark.serializer.objectStreamReset
s100
e

DEBUG:py4j.java_gateway:Answer received: !yro3
DEBUG:py4j.java_gateway:Command to send: m
d
o3
e

DEBUG:py4j.java_gateway:Answer received: !yv
DEBUG:py4j.java_gateway:Command to send: c
o0
contains
sspark.rdd.compress
e

DEBUG:py4j.java_gateway:Answer received: !ybfalse
DEBUG:py4j.java_gateway:Command to send: c
o0
set
sspark.rdd.compress
sTrue
e

DEBUG:py4j.java_gateway:Answer received: !yro4
DEBUG:py4j.java_gateway:Command to send: m
d
o4
e

DEBUG:py4j.java_gateway:Answer received: !yv
DEBUG:py4j.java_gateway:Command to send: c
o0
contains
sspark.master
e

DEBUG:py4j.java_gateway:Answer received: !ybtrue
DEBUG:py4j.java_gateway:Command to send: c
o0
contains
sspark.app.name
e

DEBUG:py4j.java_gateway:Answer received: !ybtrue
DEBUG:py4j.java_gateway:Command to send: c
o0
contains
sspark.master
e

DEBUG:py4j.java_gateway:Answer received: !ybtrue
DEBUG:py4j.java_gateway:Command to send: c
o0
get
sspark.master
e

DEBUG:py4j.java_gateway:Answer received: !ysspark://192.168.2.1:7077
DEBUG:py4j.java_gateway:Command to send: c
o0
contains
sspark.app.name
e

DEBUG:py4j.java_gateway:Answer received: !ybtrue
DEBUG:py4j.java_gateway:Command to send: c
o0
get
sspark.app.name
e

DEBUG:py4j.java_gateway:Answer received: !ysspark_combine_fire_and_weather_data.py
DEBUG:py4j.java_gateway:Command to send: c
o0
contains
sspark.home
e

DEBUG:py4j.java_gateway:Answer received: !ybfalse
DEBUG:py4j.java_gateway:Command to send: c
o0
getAll
e

DEBUG:py4j.java_gateway:Answer received: !yto5
DEBUG:py4j.java_gateway:Command to send: a
e
o5
e

DEBUG:py4j.java_gateway:Answer received: !yi12
DEBUG:py4j.java_gateway:Command to send: a
g
o5
i0
e

DEBUG:py4j.java_gateway:Answer received: !yro6
DEBUG:py4j.java_gateway:Command to send: c
o6
_1
e

DEBUG:py4j.java_gateway:Answer received: !ysspark.executor.memory
DEBUG:py4j.java_gateway:Command to send: c
o6
_2
e

DEBUG:py4j.java_gateway:Answer received: !ys6g
DEBUG:py4j.java_gateway:Command to send: a
e
o5
e

DEBUG:py4j.java_gateway:Answer received: !yi12
DEBUG:py4j.java_gateway:Command to send: a
g
o5
i1
e

DEBUG:py4j.java_gateway:Answer received: !yro7
DEBUG:py4j.java_gateway:Command to send: c
o7
_1
e

DEBUG:py4j.java_gateway:Answer received: !ysspark.worker.timeout
DEBUG:py4j.java_gateway:Command to send: c
o7
_2
e

DEBUG:py4j.java_gateway:Answer received: !ys10000000
DEBUG:py4j.java_gateway:Command to send: a
e
o5
e

DEBUG:py4j.java_gateway:Answer received: !yi12
DEBUG:py4j.java_gateway:Command to send: a
g
o5
i2
e

DEBUG:py4j.java_gateway:Answer received: !yro8
DEBUG:py4j.java_gateway:Command to send: c
o8
_1
e

DEBUG:py4j.java_gateway:Answer received: !ysspark.pyspark.python
DEBUG:py4j.java_gateway:Command to send: c
o8
_2
e

DEBUG:py4j.java_gateway:Answer received: !ys/usr/bin/python3.6
DEBUG:py4j.java_gateway:Command to send: a
e
o5
e

DEBUG:py4j.java_gateway:Answer received: !yi12
DEBUG:py4j.java_gateway:Command to send: a
g
o5
i3
e

DEBUG:py4j.java_gateway:Answer received: !yro9
DEBUG:py4j.java_gateway:Command to send: c
o9
_1
e

DEBUG:py4j.java_gateway:Answer received: !ysspark.driver.memory
DEBUG:py4j.java_gateway:Command to send: c
o9
_2
e

DEBUG:py4j.java_gateway:Answer received: !ys6g
DEBUG:py4j.java_gateway:Command to send: a
e
o5
e

DEBUG:py4j.java_gateway:Answer received: !yi12
DEBUG:py4j.java_gateway:Command to send: a
g
o5
i4
e

DEBUG:py4j.java_gateway:Answer received: !yro10
DEBUG:py4j.java_gateway:Command to send: c
o10
_1
e

DEBUG:py4j.java_gateway:Answer received: !ysspark.rdd.compress
DEBUG:py4j.java_gateway:Command to send: c
o10
_2
e

DEBUG:py4j.java_gateway:Answer received: !ysTrue
DEBUG:py4j.java_gateway:Command to send: a
e
o5
e

DEBUG:py4j.java_gateway:Answer received: !yi12
DEBUG:py4j.java_gateway:Command to send: a
g
o5
i5
e

DEBUG:py4j.java_gateway:Answer received: !yro11
DEBUG:py4j.java_gateway:Command to send: c
o11
_1
e

DEBUG:py4j.java_gateway:Answer received: !ysspark.master
DEBUG:py4j.java_gateway:Command to send: c
o11
_2
e

DEBUG:py4j.java_gateway:Answer received: !ysspark://192.168.2.1:7077
DEBUG:py4j.java_gateway:Command to send: a
e
o5
e

DEBUG:py4j.java_gateway:Answer received: !yi12
DEBUG:py4j.java_gateway:Command to send: a
g
o5
i6
e

DEBUG:py4j.java_gateway:Answer received: !yro12
DEBUG:py4j.java_gateway:Command to send: c
o12
_1
e

DEBUG:py4j.java_gateway:Answer received: !ysspark.driver.cores
DEBUG:py4j.java_gateway:Command to send: c
o12
_2
e

DEBUG:py4j.java_gateway:Answer received: !ys2
DEBUG:py4j.java_gateway:Command to send: a
e
o5
e

DEBUG:py4j.java_gateway:Answer received: !yi12
DEBUG:py4j.java_gateway:Command to send: a
g
o5
i7
e

DEBUG:py4j.java_gateway:Answer received: !yro13
DEBUG:py4j.java_gateway:Command to send: c
o13
_1
e

DEBUG:py4j.java_gateway:Answer received: !ysspark.serializer.objectStreamReset
DEBUG:py4j.java_gateway:Command to send: c
o13
_2
e

DEBUG:py4j.java_gateway:Answer received: !ys100
DEBUG:py4j.java_gateway:Command to send: a
e
o5
e

DEBUG:py4j.java_gateway:Answer received: !yi12
DEBUG:py4j.java_gateway:Command to send: a
g
o5
i8
e

DEBUG:py4j.java_gateway:Answer received: !yro14
DEBUG:py4j.java_gateway:Command to send: c
o14
_1
e

DEBUG:py4j.java_gateway:Answer received: !ysspark.app.name
DEBUG:py4j.java_gateway:Command to send: c
o14
_2
e

DEBUG:py4j.java_gateway:Answer received: !ysspark_combine_fire_and_weather_data.py
DEBUG:py4j.java_gateway:Command to send: a
e
o5
e

DEBUG:py4j.java_gateway:Answer received: !yi12
DEBUG:py4j.java_gateway:Command to send: a
g
o5
i9
e

DEBUG:py4j.java_gateway:Answer received: !yro15
DEBUG:py4j.java_gateway:Command to send: c
o15
_1
e

DEBUG:py4j.java_gateway:Answer received: !ysspark.submit.deployMode
DEBUG:py4j.java_gateway:Command to send: c
o15
_2
e

DEBUG:py4j.java_gateway:Answer received: !ysclient
DEBUG:py4j.java_gateway:Command to send: a
e
o5
e

DEBUG:py4j.java_gateway:Answer received: !yi12
DEBUG:py4j.java_gateway:Command to send: a
g
o5
i10
e

DEBUG:py4j.java_gateway:Answer received: !yro16
DEBUG:py4j.java_gateway:Command to send: c
o16
_1
e

DEBUG:py4j.java_gateway:Answer received: !ysspark.network.timeout
DEBUG:py4j.java_gateway:Command to send: c
o16
_2
e

DEBUG:py4j.java_gateway:Answer received: !ys10000000
DEBUG:py4j.java_gateway:Command to send: a
e
o5
e

DEBUG:py4j.java_gateway:Answer received: !yi12
DEBUG:py4j.java_gateway:Command to send: a
g
o5
i11
e

DEBUG:py4j.java_gateway:Answer received: !yro17
DEBUG:py4j.java_gateway:Command to send: c
o17
_1
e

DEBUG:py4j.java_gateway:Answer received: !ysspark.ui.showConsoleProgress
DEBUG:py4j.java_gateway:Command to send: c
o17
_2
e

DEBUG:py4j.java_gateway:Answer received: !ystrue
DEBUG:py4j.java_gateway:Command to send: a
e
o5
e

DEBUG:py4j.java_gateway:Answer received: !yi12
DEBUG:py4j.java_gateway:Command to send: m
d
o5
e

DEBUG:py4j.java_gateway:Answer received: !yv
DEBUG:py4j.java_gateway:Command to send: r
u
JavaSparkContext
rj
e

DEBUG:py4j.java_gateway:Answer received: !ycorg.apache.spark.api.java.JavaSparkContext
DEBUG:py4j.java_gateway:Command to send: i
org.apache.spark.api.java.JavaSparkContext
ro0
e

DEBUG:py4j.java_gateway:Answer received: !yro18
DEBUG:py4j.java_gateway:Command to send: c
o18
sc
e

DEBUG:py4j.java_gateway:Answer received: !yro19
DEBUG:py4j.java_gateway:Command to send: c
o19
conf
e

DEBUG:py4j.java_gateway:Answer received: !yro20
DEBUG:py4j.java_gateway:Command to send: r
u
PythonAccumulatorV2
rj
e

DEBUG:py4j.java_gateway:Answer received: !ycorg.apache.spark.api.python.PythonAccumulatorV2
DEBUG:py4j.java_gateway:Command to send: i
org.apache.spark.api.python.PythonAccumulatorV2
s127.0.0.1
i39335
s4aba625e5f49408305777859ee42099871aa64a83f2518ad71af038bad3559a5
e

DEBUG:py4j.java_gateway:Answer received: !yro21
DEBUG:py4j.java_gateway:Command to send: c
o18
sc
e

DEBUG:py4j.java_gateway:Answer received: !yro22
DEBUG:py4j.java_gateway:Command to send: c
o22
register
ro21
e

DEBUG:py4j.java_gateway:Answer received: !yv
DEBUG:py4j.java_gateway:Command to send: r
u
PythonUtils
rj
e

DEBUG:py4j.java_gateway:Answer received: !ycorg.apache.spark.api.python.PythonUtils
DEBUG:py4j.java_gateway:Command to send: r
m
org.apache.spark.api.python.PythonUtils
getEncryptionEnabled
e

DEBUG:py4j.java_gateway:Answer received: !ym
DEBUG:py4j.java_gateway:Command to send: c
z:org.apache.spark.api.python.PythonUtils
getEncryptionEnabled
ro18
e

DEBUG:py4j.java_gateway:Answer received: !ybfalse
DEBUG:py4j.java_gateway:Command to send: r
u
org
rj
e

DEBUG:py4j.java_gateway:Answer received: !yp
DEBUG:py4j.java_gateway:Command to send: r
u
org.apache
rj
e

DEBUG:py4j.java_gateway:Answer received: !yp
DEBUG:py4j.java_gateway:Command to send: r
u
org.apache.spark
rj
e

DEBUG:py4j.java_gateway:Answer received: !yp
DEBUG:py4j.java_gateway:Command to send: r
u
org.apache.spark.SparkFiles
rj
e

DEBUG:py4j.java_gateway:Answer received: !ycorg.apache.spark.SparkFiles
DEBUG:py4j.java_gateway:Command to send: r
m
org.apache.spark.SparkFiles
getRootDirectory
e

DEBUG:py4j.java_gateway:Answer received: !ym
DEBUG:py4j.java_gateway:Command to send: c
z:org.apache.spark.SparkFiles
getRootDirectory
e

DEBUG:py4j.java_gateway:Answer received: !ys/mnt/SSD/spark_scratch/spark-cd287631-9427-40ff-b555-fbe2f33ea0c5/userFiles-02adbaa7-ef92-4947-b7cf-eea0af4ca27b
DEBUG:py4j.java_gateway:Command to send: c
o20
get
sspark.submit.pyFiles
s
e

DEBUG:py4j.java_gateway:Answer received: !ys
DEBUG:py4j.java_gateway:Command to send: r
u
org
rj
e

DEBUG:py4j.java_gateway:Answer received: !yp
DEBUG:py4j.java_gateway:Command to send: r
u
org.apache
rj
e

DEBUG:py4j.java_gateway:Answer received: !yp
DEBUG:py4j.java_gateway:Command to send: r
u
org.apache.spark
rj
e

DEBUG:py4j.java_gateway:Answer received: !yp
DEBUG:py4j.java_gateway:Command to send: r
u
org.apache.spark.util
rj
e

DEBUG:py4j.java_gateway:Answer received: !yp
DEBUG:py4j.java_gateway:Command to send: r
u
org.apache.spark.util.Utils
rj
e

DEBUG:py4j.java_gateway:Answer received: !ycorg.apache.spark.util.Utils
DEBUG:py4j.java_gateway:Command to send: r
m
org.apache.spark.util.Utils
getLocalDir
e

DEBUG:py4j.java_gateway:Answer received: !ym
DEBUG:py4j.java_gateway:Command to send: c
o18
sc
e

DEBUG:py4j.java_gateway:Answer received: !yro23
DEBUG:py4j.java_gateway:Command to send: c
o23
conf
e

DEBUG:py4j.java_gateway:Answer received: !yro24
DEBUG:py4j.java_gateway:Command to send: c
z:org.apache.spark.util.Utils
getLocalDir
ro24
e

DEBUG:py4j.java_gateway:Answer received: !ys/mnt/SSD/spark_scratch/spark-cd287631-9427-40ff-b555-fbe2f33ea0c5
DEBUG:py4j.java_gateway:Command to send: r
u
org
rj
e

DEBUG:py4j.java_gateway:Answer received: !yp
DEBUG:py4j.java_gateway:Command to send: r
u
org.apache
rj
e

DEBUG:py4j.java_gateway:Answer received: !yp
DEBUG:py4j.java_gateway:Command to send: r
u
org.apache.spark
rj
e

DEBUG:py4j.java_gateway:Answer received: !yp
DEBUG:py4j.java_gateway:Command to send: r
u
org.apache.spark.util
rj
e

DEBUG:py4j.java_gateway:Answer received: !yp
DEBUG:py4j.java_gateway:Command to send: r
u
org.apache.spark.util.Utils
rj
e

DEBUG:py4j.java_gateway:Answer received: !ycorg.apache.spark.util.Utils
DEBUG:py4j.java_gateway:Command to send: r
m
org.apache.spark.util.Utils
createTempDir
e

DEBUG:py4j.java_gateway:Answer received: !ym
DEBUG:py4j.java_gateway:Command to send: c
z:org.apache.spark.util.Utils
createTempDir
s/mnt/SSD/spark_scratch/spark-cd287631-9427-40ff-b555-fbe2f33ea0c5
spyspark
e

DEBUG:py4j.java_gateway:Answer received: !yro25
DEBUG:py4j.java_gateway:Command to send: c
o25
getAbsolutePath
e

DEBUG:py4j.java_gateway:Answer received: !ys/mnt/SSD/spark_scratch/spark-cd287631-9427-40ff-b555-fbe2f33ea0c5/pyspark-5829ccdb-9365-486e-96fe-4aa982fa0424
DEBUG:py4j.java_gateway:Command to send: c
o20
get
sspark.python.profile
sfalse
e

DEBUG:py4j.java_gateway:Answer received: !ysfalse
DEBUG:py4j.java_gateway:Command to send: r
u
SparkConf
rj
e

DEBUG:py4j.java_gateway:Answer received: !ycorg.apache.spark.SparkConf
DEBUG:py4j.java_gateway:Command to send: i
org.apache.spark.SparkConf
bTrue
e

DEBUG:py4j.java_gateway:Answer received: !yro26
DEBUG:py4j.java_gateway:Command to send: r
u
SparkSession
rj
e

DEBUG:py4j.java_gateway:Answer received: !ycorg.apache.spark.sql.SparkSession
DEBUG:py4j.java_gateway:Command to send: r
m
org.apache.spark.sql.SparkSession
getDefaultSession
e

DEBUG:py4j.java_gateway:Answer received: !ym
DEBUG:py4j.java_gateway:Command to send: c
z:org.apache.spark.sql.SparkSession
getDefaultSession
e

DEBUG:py4j.java_gateway:Answer received: !yro27
DEBUG:py4j.java_gateway:Command to send: c
o27
isDefined
e

DEBUG:py4j.java_gateway:Answer received: !ybfalse
DEBUG:py4j.java_gateway:Command to send: r
u
SparkSession
rj
e

DEBUG:py4j.java_gateway:Answer received: !ycorg.apache.spark.sql.SparkSession
DEBUG:py4j.java_gateway:Command to send: c
o18
sc
e

DEBUG:py4j.java_gateway:Answer received: !yro28
DEBUG:py4j.java_gateway:Command to send: i
org.apache.spark.sql.SparkSession
ro28
e

DEBUG:py4j.java_gateway:Answer received: !yro29
DEBUG:py4j.java_gateway:Command to send: c
o29
sqlContext
e

DEBUG:py4j.java_gateway:Answer received: !yro30
DEBUG:py4j.java_gateway:Command to send: r
u
SparkSession
rj
e

DEBUG:py4j.java_gateway:Answer received: !ycorg.apache.spark.sql.SparkSession
DEBUG:py4j.java_gateway:Command to send: r
m
org.apache.spark.sql.SparkSession
setDefaultSession
e

DEBUG:py4j.java_gateway:Answer received: !ym
DEBUG:py4j.java_gateway:Command to send: c
z:org.apache.spark.sql.SparkSession
setDefaultSession
ro29
e

DEBUG:py4j.java_gateway:Answer received: !yv
DEBUG:py4j.java_gateway:Command to send: m
d
o26
e

DEBUG:py4j.java_gateway:Answer received: !yv
DEBUG:py4j.java_gateway:Command to send: r
u
SparkSession
rj
e

DEBUG:py4j.java_gateway:Answer received: !ycorg.apache.spark.sql.SparkSession
DEBUG:py4j.java_gateway:Command to send: r
m
org.apache.spark.sql.SparkSession
getDefaultSession
e

DEBUG:py4j.java_gateway:Answer received: !ym
DEBUG:py4j.java_gateway:Command to send: c
z:org.apache.spark.sql.SparkSession
getDefaultSession
e

DEBUG:py4j.java_gateway:Answer received: !yro31
DEBUG:py4j.java_gateway:Command to send: c
o31
isDefined
e

DEBUG:py4j.java_gateway:Answer received: !ybtrue
DEBUG:py4j.java_gateway:Command to send: r
u
SparkSession
rj
e

DEBUG:py4j.java_gateway:Answer received: !ycorg.apache.spark.sql.SparkSession
DEBUG:py4j.java_gateway:Command to send: r
m
org.apache.spark.sql.SparkSession
getDefaultSession
e

DEBUG:py4j.java_gateway:Answer received: !ym
DEBUG:py4j.java_gateway:Command to send: c
z:org.apache.spark.sql.SparkSession
getDefaultSession
e

DEBUG:py4j.java_gateway:Answer received: !yro32
DEBUG:py4j.java_gateway:Command to send: c
o32
get
e

DEBUG:py4j.java_gateway:Answer received: !yro33
DEBUG:py4j.java_gateway:Command to send: c
o33
sparkContext
e

DEBUG:py4j.java_gateway:Answer received: !yro34
DEBUG:py4j.java_gateway:Command to send: c
o34
isStopped
e

DEBUG:py4j.java_gateway:Answer received: !ybfalse
DEBUG:py4j.java_gateway:Command to send: r
u
SparkSession
rj
e

DEBUG:py4j.java_gateway:Answer received: !ycorg.apache.spark.sql.SparkSession
DEBUG:py4j.java_gateway:Command to send: r
m
org.apache.spark.sql.SparkSession
getDefaultSession
e

DEBUG:py4j.java_gateway:Answer received: !ym
DEBUG:py4j.java_gateway:Command to send: c
z:org.apache.spark.sql.SparkSession
getDefaultSession
e

DEBUG:py4j.java_gateway:Answer received: !yro35
DEBUG:py4j.java_gateway:Command to send: c
o35
get
e

DEBUG:py4j.java_gateway:Answer received: !yro36
DEBUG:py4j.java_gateway:Command to send: c
o36
sqlContext
e

DEBUG:py4j.java_gateway:Answer received: !yro37
DEBUG:py4j.java_gateway:Command to send: c
o37
read
e

DEBUG:py4j.java_gateway:Answer received: !yro38
DEBUG:py4j.java_gateway:Command to send: r
u
PythonUtils
rj
e

DEBUG:py4j.java_gateway:Answer received: !ycorg.apache.spark.api.python.PythonUtils
DEBUG:py4j.java_gateway:Command to send: r
m
org.apache.spark.api.python.PythonUtils
toSeq
e

DEBUG:py4j.java_gateway:Answer received: !ym
DEBUG:py4j.java_gateway:Command to send: i
java.util.ArrayList
e

DEBUG:py4j.java_gateway:Answer received: !ylo39
DEBUG:py4j.java_gateway:Command to send: c
o39
add
s/mnt/SSD/data/NOAA_weather_data/1992-2015_us_only_all.parquet
e

DEBUG:py4j.java_gateway:Answer received: !ybtrue
DEBUG:py4j.java_gateway:Command to send: c
z:org.apache.spark.api.python.PythonUtils
toSeq
ro39
e

DEBUG:py4j.java_gateway:Answer received: !yro40
DEBUG:py4j.java_gateway:Command to send: m
d
o39
e

DEBUG:py4j.java_gateway:Answer received: !yv
DEBUG:py4j.java_gateway:Command to send: c
o38
parquet
ro40
e

DEBUG:py4j.java_gateway:Answer received: !yro41
DEBUG:py4j.java_gateway:Command to send: c
o41
drop
s__index_level_0__
e

DEBUG:py4j.java_gateway:Answer received: !yro42
DEBUG:py4j.java_gateway:Command to send: r
u
functions
rj
e

DEBUG:py4j.java_gateway:Answer received: !ycorg.apache.spark.sql.functions
DEBUG:py4j.java_gateway:Command to send: r
m
org.apache.spark.sql.functions
expr
e

DEBUG:py4j.java_gateway:Answer received: !ym
DEBUG:py4j.java_gateway:Command to send: c
z:org.apache.spark.sql.functions
expr
sto_date(time)
e

DEBUG:py4j.java_gateway:Answer received: !yro43
DEBUG:py4j.java_gateway:Command to send: c
o42
withColumn
sdate
ro43
e

DEBUG:py4j.java_gateway:Answer received: !yro44
DEBUG:py4j.java_gateway:Command to send: c
o37
read
e

DEBUG:py4j.java_gateway:Answer received: !yro45
DEBUG:py4j.java_gateway:Command to send: r
u
PythonUtils
rj
e

DEBUG:py4j.java_gateway:Answer received: !ycorg.apache.spark.api.python.PythonUtils
DEBUG:py4j.java_gateway:Command to send: r
m
org.apache.spark.api.python.PythonUtils
toSeq
e

DEBUG:py4j.java_gateway:Answer received: !ym
DEBUG:py4j.java_gateway:Command to send: i
java.util.ArrayList
e

DEBUG:py4j.java_gateway:Answer received: !ylo46
DEBUG:py4j.java_gateway:Command to send: c
o46
add
s/mnt/SSD/data/USDA_wildfire_data/regridded_us_fires.parquet
e

DEBUG:py4j.java_gateway:Answer received: !ybtrue
DEBUG:py4j.java_gateway:Command to send: c
z:org.apache.spark.api.python.PythonUtils
toSeq
ro46
e

DEBUG:py4j.java_gateway:Answer received: !yro47
DEBUG:py4j.java_gateway:Command to send: m
d
o46
e

DEBUG:py4j.java_gateway:Answer received: !yv
DEBUG:py4j.java_gateway:Command to send: c
o45
parquet
ro47
e

DEBUG:py4j.java_gateway:Answer received: !yro48
DEBUG:py4j.java_gateway:Command to send: c
o48
drop
s__index_level_0__
e

DEBUG:py4j.java_gateway:Answer received: !yro49
DEBUG:py4j.java_gateway:Command to send: r
u
functions
rj
e

DEBUG:py4j.java_gateway:Answer received: !ycorg.apache.spark.sql.functions
DEBUG:py4j.java_gateway:Command to send: r
m
org.apache.spark.sql.functions
expr
e

DEBUG:py4j.java_gateway:Answer received: !ym
DEBUG:py4j.java_gateway:Command to send: c
z:org.apache.spark.sql.functions
expr
sto_date(date)
e

DEBUG:py4j.java_gateway:Answer received: !yro50
DEBUG:py4j.java_gateway:Command to send: c
o49
withColumn
sdate
ro50
e

DEBUG:py4j.java_gateway:Answer received: !yro51
DEBUG:py4j.java_gateway:Command to send: r
u
functions
rj
e

DEBUG:py4j.java_gateway:Answer received: !ycorg.apache.spark.sql.functions
DEBUG:py4j.java_gateway:Command to send: r
m
org.apache.spark.sql.functions
lit
e

DEBUG:py4j.java_gateway:Answer received: !ym
DEBUG:py4j.java_gateway:Command to send: c
z:org.apache.spark.sql.functions
lit
i1
e

DEBUG:py4j.java_gateway:Answer received: !yro52
DEBUG:py4j.java_gateway:Command to send: c
o51
withColumn
signition
ro52
e

DEBUG:py4j.java_gateway:Answer received: !yro53
DEBUG:py4j.java_gateway:Command to send: c
o53
withColumnRenamed
stime
sdiscovery_time
e

DEBUG:py4j.java_gateway:Answer received: !yro54
DEBUG:py4j.java_gateway:Command to send: r
u
PythonUtils
rj
e

DEBUG:py4j.java_gateway:Answer received: !ycorg.apache.spark.api.python.PythonUtils
DEBUG:py4j.java_gateway:Command to send: r
m
org.apache.spark.api.python.PythonUtils
toSeq
e

DEBUG:py4j.java_gateway:Answer received: !ym
DEBUG:py4j.java_gateway:Command to send: i
java.util.ArrayList
e

DEBUG:py4j.java_gateway:Answer received: !ylo55
DEBUG:py4j.java_gateway:Command to send: c
o55
add
slat
e

DEBUG:py4j.java_gateway:Answer received: !ybtrue
DEBUG:py4j.java_gateway:Command to send: c
o55
add
slon
e

DEBUG:py4j.java_gateway:Answer received: !ybtrue
DEBUG:py4j.java_gateway:Command to send: c
o55
add
sdate
e

DEBUG:py4j.java_gateway:Answer received: !ybtrue
DEBUG:py4j.java_gateway:Command to send: c
z:org.apache.spark.api.python.PythonUtils
toSeq
ro55
e

DEBUG:py4j.java_gateway:Answer received: !yro56
DEBUG:py4j.java_gateway:Command to send: m
d
o55
e

DEBUG:py4j.java_gateway:Answer received: !yv
DEBUG:py4j.java_gateway:Command to send: c
o44
join
ro54
ro56
sleft_outer
e

DEBUG:py4j.java_gateway:Answer received: !yro57
DEBUG:py4j.java_gateway:Command to send: c
o57
write
e

DEBUG:py4j.java_gateway:Answer received: !yro58
DEBUG:py4j.java_gateway:Command to send: c
o58
format
sparquet
e

DEBUG:py4j.java_gateway:Answer received: !yro59
DEBUG:py4j.java_gateway:Command to send: c
o59
mode
soverwrite
e

DEBUG:py4j.java_gateway:Answer received: !yro60
DEBUG:py4j.java_gateway:Command to send: c
o60
save
s/mnt/SSD/data/training_data/1992-2015_us_training_data_raw.parquet
e

DEBUG:py4j.java_gateway:Answer received: !yv
DEBUG:py4j.java_gateway:Command to send: m
d
o11
e

DEBUG:py4j.java_gateway:Answer received: !yv
DEBUG:py4j.java_gateway:Command to send: m
d
o12
e

DEBUG:py4j.java_gateway:Answer received: !yv
DEBUG:py4j.java_gateway:Command to send: m
d
o13
e

DEBUG:py4j.java_gateway:Answer received: !yv
DEBUG:py4j.java_gateway:Command to send: m
d
o14
e

DEBUG:py4j.java_gateway:Answer received: !yv
DEBUG:py4j.java_gateway:Command to send: m
d
o15
e

DEBUG:py4j.java_gateway:Answer received: !yv
DEBUG:py4j.java_gateway:Command to send: m
d
o16
e

DEBUG:py4j.java_gateway:Answer received: !yv
DEBUG:py4j.java_gateway:Command to send: m
d
o17
e

DEBUG:py4j.java_gateway:Answer received: !yv
DEBUG:py4j.java_gateway:Command to send: m
d
o19
e

DEBUG:py4j.java_gateway:Answer received: !yv
DEBUG:py4j.java_gateway:Command to send: m
d
o22
e

DEBUG:py4j.java_gateway:Answer received: !yv
DEBUG:py4j.java_gateway:Command to send: m
d
o23
e

DEBUG:py4j.java_gateway:Answer received: !yv
DEBUG:py4j.java_gateway:Command to send: m
d
o24
e

DEBUG:py4j.java_gateway:Answer received: !yv
DEBUG:py4j.java_gateway:Command to send: m
d
o25
e

DEBUG:py4j.java_gateway:Answer received: !yv
DEBUG:py4j.java_gateway:Command to send: m
d
o27
e

DEBUG:py4j.java_gateway:Answer received: !yv
DEBUG:py4j.java_gateway:Command to send: m
d
o28
e

DEBUG:py4j.java_gateway:Answer received: !yv
DEBUG:py4j.java_gateway:Command to send: m
d
o31
e

DEBUG:py4j.java_gateway:Answer received: !yv
DEBUG:py4j.java_gateway:Command to send: m
d
o32
e

DEBUG:py4j.java_gateway:Answer received: !yv
DEBUG:py4j.java_gateway:Command to send: m
d
o33
e

DEBUG:py4j.java_gateway:Answer received: !yv
DEBUG:py4j.java_gateway:Command to send: m
d
o34
e

DEBUG:py4j.java_gateway:Answer received: !yv
DEBUG:py4j.java_gateway:Command to send: m
d
o35
e

DEBUG:py4j.java_gateway:Answer received: !yv
DEBUG:py4j.java_gateway:Command to send: m
d
o38
e

DEBUG:py4j.java_gateway:Answer received: !yv
DEBUG:py4j.java_gateway:Command to send: m
d
o40
e

DEBUG:py4j.java_gateway:Answer received: !yv
DEBUG:py4j.java_gateway:Command to send: m
d
o41
e

DEBUG:py4j.java_gateway:Answer received: !yv
DEBUG:py4j.java_gateway:Command to send: m
d
o42
e

DEBUG:py4j.java_gateway:Answer received: !yv
DEBUG:py4j.java_gateway:Command to send: m
d
o43
e

DEBUG:py4j.java_gateway:Answer received: !yv
DEBUG:py4j.java_gateway:Command to send: m
d
o45
e

DEBUG:py4j.java_gateway:Answer received: !yv
DEBUG:py4j.java_gateway:Command to send: m
d
o47
e

DEBUG:py4j.java_gateway:Answer received: !yv
DEBUG:py4j.java_gateway:Command to send: m
d
o48
e

DEBUG:py4j.java_gateway:Answer received: !yv
DEBUG:py4j.java_gateway:Command to send: m
d
o49
e

DEBUG:py4j.java_gateway:Answer received: !yv
DEBUG:py4j.java_gateway:Command to send: m
d
o50
e

DEBUG:py4j.java_gateway:Answer received: !yv
DEBUG:py4j.java_gateway:Command to send: m
d
o51
e

DEBUG:py4j.java_gateway:Answer received: !yv
DEBUG:py4j.java_gateway:Command to send: m
d
o52
e

DEBUG:py4j.java_gateway:Answer received: !yv
DEBUG:py4j.java_gateway:Command to send: m
d
o53
e

DEBUG:py4j.java_gateway:Answer received: !yv
DEBUG:py4j.java_gateway:Command to send: m
d
o56
e

DEBUG:py4j.java_gateway:Answer received: !yv
DEBUG:py4j.java_gateway:Command to send: m
d
o58
e

DEBUG:py4j.java_gateway:Answer received: !yv
DEBUG:py4j.java_gateway:Command to send: m
d
o59
e

DEBUG:py4j.java_gateway:Answer received: !yv
DEBUG:py4j.java_gateway:Command to send: m
d
o60
e

DEBUG:py4j.java_gateway:Answer received: !yv
DEBUG:py4j.java_gateway:Command to send: m
d
o10
e

DEBUG:py4j.java_gateway:Answer received: !yv
DEBUG:py4j.java_gateway:Command to send: m
d
o0
e

DEBUG:py4j.java_gateway:Answer received: !yv
DEBUG:py4j.java_gateway:Command to send: m
d
o44
e

DEBUG:py4j.java_gateway:Answer received: !yv
DEBUG:py4j.java_gateway:Command to send: m
d
o54
e

DEBUG:py4j.java_gateway:Answer received: !yv
DEBUG:py4j.java_gateway:Command to send: m
d
o57
e

DEBUG:py4j.java_gateway:Answer received: !yv
